09-08-2024 23:53:47 - INFO - Database 'testyy' created successfully.
09-08-2024 23:53:47 - INFO - No. of DDL Statements Left to Be Executed: 3
09-08-2024 23:53:47 - WARNING - Execution Failed: 1824 (HY000): Failed to open the referenced table 'employees'
09-08-2024 23:53:47 - INFO -  RETRYING...
09-08-2024 23:53:47 - INFO - No. of DDL Statements Left to Be Executed: 3
09-08-2024 23:53:47 - DEBUG - Executed : CREATE TABLE IF NOT EXISTS EMPLOYEES (
	EMPLOYEEID INT NOT NULL AUTO_INCREMENT,
	FIRSTNAME VARCHAR(100) NOT NULL,
	LASTNAME VARCHAR(100) NOT NULL,
	MIDDLENAME VARCHAR(100),
	DATEOFBIRTH DATE,
	GENDER VARCHAR(1),
	HIREDATE DATE,
	JOBTITLE VARCHAR(100),
	DEPARTMENT VARCHAR(100),
	MANAGERID INT,
	SALARY DECIMAL(10,2),
	BONUS DECIMAL(10,2),
	COMMISSIONPCT DECIMAL(10,2),
	EMAIL VARCHAR(255),
	PHONENUMBER VARCHAR(20),
	STREETADDRESS VARCHAR(255),
	CITY VARCHAR(100),
	STATE VARCHAR(100),
	ZIPCODE VARCHAR(20),
	COUNTRY VARCHAR(100),
	EMERGENCYCONTACTNAME VARCHAR(100),
	EMERGENCYCONTACTPHONE VARCHAR(20),
	EMERGENCYCONTACTRELATION VARCHAR(50),
	EMPLOYMENTSTATUS VARCHAR(50),
	WORKLOCATION VARCHAR(100),
	WORKPHONE VARCHAR(20),
	EXTENSION VARCHAR(10),
	WORKEMAIL VARCHAR(255),
	ISFULLTIME BOOLEAN,
	ISPARTTIME BOOLEAN,
	ISCONTRACTOR BOOLEAN,
	CONTRACTSTARTDATE DATE,
	CONTRACTENDDATE DATE,
	HOURSPERWEEK DECIMAL(10,2),
	VACATIONDAYS INT,
	SICKDAYS INT,
	ISELIGIBLEFORBENEFITS BOOLEAN,
	HEALTHINSURANCEPROVIDER VARCHAR(100),
	RETIREMENTPLANPROVIDER VARCHAR(100),
	LASTPROMOTIONDATE DATE,
	LASTPERFORMANCEREVIEWDATE DATE,
	PERFORMANCESCORE DECIMAL(10,2),
	YEARSATCOMPANY DECIMAL(10,2),
	LANGUAGESSPOKEN VARCHAR(255),
	SKILLS VARCHAR(255),
	EDUCATIONLEVEL VARCHAR(50),
	CERTIFICATIONS VARCHAR(255),
	NOTES TEXT,
	primary key (EMPLOYEEID)
) ENGINE=InnoDB;
09-08-2024 23:53:47 - INFO - No. of DDL Statements Left to Be Executed: 2
09-08-2024 23:53:47 - WARNING - Execution Failed: 1824 (HY000): Failed to open the referenced table 'customer'
09-08-2024 23:53:47 - INFO -  RETRYING...
09-08-2024 23:53:47 - INFO - No. of DDL Statements Left to Be Executed: 2
09-08-2024 23:53:47 - DEBUG - Executed : CREATE TABLE IF NOT EXISTS CUSTOMER (
	CUSTOMERID INT NOT NULL AUTO_INCREMENT,
	CUSTOMERNAME VARCHAR(100) NOT NULL,
	CONTACTNUMBER VARCHAR(20),
	EMAIL VARCHAR(255),
	SALESREPID INT,
	ADDRESS VARCHAR(255),
	primary key (CUSTOMERID),
	foreign key (SALESREPID) references EMPLOYEES(EMPLOYEEID)
) ENGINE=InnoDB;
09-08-2024 23:53:47 - INFO - No. of DDL Statements Left to Be Executed: 1
09-08-2024 23:53:47 - DEBUG - Executed : CREATE TABLE IF NOT EXISTS ORDERS (
	ORDERID INT NOT NULL AUTO_INCREMENT,
	ORDERDATE DATE NOT NULL,
	TOTALAMOUNT DECIMAL(10,2) NOT NULL,
	CUSTOMERID INT,
	EMPLOYEEID INT,
	primary key (ORDERID),
	foreign key (CUSTOMERID) references CUSTOMER(CUSTOMERID),
	foreign key (EMPLOYEEID) references EMPLOYEES(EMPLOYEEID)
) ENGINE=InnoDB;
09-08-2024 23:53:47 - INFO - Import to MySQL Succesfull!
09-08-2024 23:53:47 - INFO - Migration completed successfully.
